<?xml version="1.0" encoding="UTF-8"?>
<testsuite xmlns:xsi="http://www.w3.org/2001/XMLSchema-instance" xsi:noNamespaceSchemaLocation="https://maven.apache.org/surefire/maven-surefire-plugin/xsd/surefire-test-report.xsd" version="3.0.2" name="tn.esprit.foyer.FoyerApplicationTests" time="7.246" tests="1" errors="0" skipped="0" failures="0">
  <properties>
[...]
</properties>
  <testcase name="testAddEtudiant" classname="tn.esprit.foyer.FoyerApplicationTests" time="0.185">
    <system-out><![CDATA[19:20:04.480 [main] INFO org.springframework.test.context.support.AnnotationConfigContextLoaderUtils -- Could not detect default configuration classes for test class [tn.esprit.foyer.FoyerApplicationTests]: FoyerApplicationTests does not declare any static, non-private, non-final, nested classes annotated with @Configuration.
19:20:04.594 [main] INFO org.springframework.boot.test.context.SpringBootTestContextBootstrapper -- Found @SpringBootConfiguration tn.esprit.foyer.FoyerApplication for test class tn.esprit.foyer.FoyerApplicationTests

  .   ____          _            __ _ _
 /\\ / ___'_ __ _ _(_)_ __  __ _ \ \ \ \
( ( )\___ | '_ | '_| | '_ \/ _` | \ \ \ \
 \\/  ___)| |_)| | | | | || (_| |  ) ) ) )
  '  |____| .__|_| |_|_| |_\__, | / / / /
 =========|_|==============|___/=/_/_/_/

 :: Spring Boot ::                (v3.4.4)

2025-05-28T19:20:05.000+01:00  INFO 36276 --- [Foyer] [           main] tn.esprit.foyer.FoyerApplicationTests    : Starting FoyerApplicationTests using Java 17.0.12 with PID 36276 (started by ahmed in C:\Users\ahmed\IdeaProjects\Foyer)
2025-05-28T19:20:05.001+01:00  INFO 36276 --- [Foyer] [           main] tn.esprit.foyer.FoyerApplicationTests    : No active profile set, falling back to 1 default profile: "default"
2025-05-28T19:20:06.021+01:00  INFO 36276 --- [Foyer] [           main] .s.d.r.c.RepositoryConfigurationDelegate : Bootstrapping Spring Data JPA repositories in DEFAULT mode.
2025-05-28T19:20:06.106+01:00  INFO 36276 --- [Foyer] [           main] .s.d.r.c.RepositoryConfigurationDelegate : Finished Spring Data repository scanning in 70 ms. Found 6 JPA repository interfaces.
2025-05-28T19:20:06.869+01:00  INFO 36276 --- [Foyer] [           main] o.hibernate.jpa.internal.util.LogHelper  : HHH000204: Processing PersistenceUnitInfo [name: default]
2025-05-28T19:20:06.943+01:00  INFO 36276 --- [Foyer] [           main] org.hibernate.Version                    : HHH000412: Hibernate ORM core version 6.6.11.Final
2025-05-28T19:20:06.981+01:00  INFO 36276 --- [Foyer] [           main] o.h.c.internal.RegionFactoryInitiator    : HHH000026: Second-level cache disabled
2025-05-28T19:20:07.132+01:00  INFO 36276 --- [Foyer] [           main] o.s.o.j.p.SpringPersistenceUnitInfo      : No LoadTimeWeaver setup: ignoring JPA class transformer
2025-05-28T19:20:07.158+01:00  INFO 36276 --- [Foyer] [           main] com.zaxxer.hikari.HikariDataSource       : HikariPool-1 - Starting...
2025-05-28T19:20:07.303+01:00  INFO 36276 --- [Foyer] [           main] com.zaxxer.hikari.pool.HikariPool        : HikariPool-1 - Added connection com.mysql.cj.jdbc.ConnectionImpl@544e6b
2025-05-28T19:20:07.307+01:00  INFO 36276 --- [Foyer] [           main] com.zaxxer.hikari.HikariDataSource       : HikariPool-1 - Start completed.
2025-05-28T19:20:07.327+01:00  WARN 36276 --- [Foyer] [           main] org.hibernate.orm.deprecation            : HHH90000025: MySQL8Dialect does not need to be specified explicitly using 'hibernate.dialect' (remove the property setting and it will be selected by default)
2025-05-28T19:20:07.328+01:00  WARN 36276 --- [Foyer] [           main] org.hibernate.orm.deprecation            : HHH90000026: MySQL8Dialect has been deprecated; use org.hibernate.dialect.MySQLDialect instead
2025-05-28T19:20:07.349+01:00  INFO 36276 --- [Foyer] [           main] org.hibernate.orm.connections.pooling    : HHH10001005: Database info:
	Database JDBC URL [Connecting through datasource 'HikariDataSource (HikariPool-1)']
	Database driver: undefined/unknown
	Database version: 8.0
	Autocommit mode: undefined/unknown
	Isolation level: undefined/unknown
	Minimum pool size: undefined/unknown
	Maximum pool size: undefined/unknown
2025-05-28T19:20:08.211+01:00  INFO 36276 --- [Foyer] [           main] o.h.e.t.j.p.i.JtaPlatformInitiator       : HHH000489: No JTA platform available (set 'hibernate.transaction.jta.platform' to enable JTA platform integration)
2025-05-28T19:20:08.365+01:00  INFO 36276 --- [Foyer] [           main] j.LocalContainerEntityManagerFactoryBean : Initialized JPA EntityManagerFactory for persistence unit 'default'
2025-05-28T19:20:08.983+01:00  INFO 36276 --- [Foyer] [           main] o.s.d.j.r.query.QueryEnhancerFactory     : Hibernate is in classpath; If applicable, HQL parser will be used.
2025-05-28T19:20:10.220+01:00  WARN 36276 --- [Foyer] [           main] JpaBaseConfiguration$JpaWebConfiguration : spring.jpa.open-in-view is enabled by default. Therefore, database queries may be performed during view rendering. Explicitly configure spring.jpa.open-in-view to disable this warning
2025-05-28T19:20:11.200+01:00  INFO 36276 --- [Foyer] [           main] o.s.b.a.e.web.EndpointLinksResolver      : Exposing 2 endpoints beneath base path '/actuator'
2025-05-28T19:20:11.283+01:00  INFO 36276 --- [Foyer] [           main] tn.esprit.foyer.FoyerApplicationTests    : Started FoyerApplicationTests in 6.541 seconds (process running for 8.806)
Hibernate: insert into t_etudiant (cin,date_naissance,ecole,nom_et,prenom_et) values (?,?,?,?,?)
]]></system-out>
  </testcase>
</testsuite>